<?xml version="1.0" encoding="UTF-8" ?>
<testsuite tests="4" failures="1" name="org.lgb.web.SnapshotResourceTest" time="0.333" errors="0" skipped="0">
  <properties>
[...]
</properties>
  <testcase classname="org.lgb.web.SnapshotResourceTest" name="test0_AddFile" time="0.077"/>
  <testcase classname="org.lgb.web.SnapshotResourceTest" name="test1_UploadContent" time="0.082">
    <failure message="expected:&lt;201&gt; but was:&lt;404&gt;" type="java.lang.AssertionError">java.lang.AssertionError: expected:&lt;201&gt; but was:&lt;404&gt;
	at org.junit.Assert.fail(Assert.java:88)
	at org.junit.Assert.failNotEquals(Assert.java:834)
	at org.junit.Assert.assertEquals(Assert.java:645)
	at org.junit.Assert.assertEquals(Assert.java:631)
	at org.lgb.web.SnapshotResourceTest.test1_UploadContent(SnapshotResourceTest.java:66)
	at sun.reflect.NativeMethodAccessorImpl.invoke0(Native Method)
	at sun.reflect.NativeMethodAccessorImpl.invoke(NativeMethodAccessorImpl.java:62)
	at sun.reflect.DelegatingMethodAccessorImpl.invoke(DelegatingMethodAccessorImpl.java:43)
	at java.lang.reflect.Method.invoke(Method.java:483)
	at org.junit.runners.model.FrameworkMethod$1.runReflectiveCall(FrameworkMethod.java:50)
	at org.junit.internal.runners.model.ReflectiveCallable.run(ReflectiveCallable.java:12)
	at org.junit.runners.model.FrameworkMethod.invokeExplosively(FrameworkMethod.java:47)
	at org.junit.internal.runners.statements.InvokeMethod.evaluate(InvokeMethod.java:17)
	at org.junit.internal.runners.statements.RunBefores.evaluate(RunBefores.java:26)
	at org.junit.internal.runners.statements.RunAfters.evaluate(RunAfters.java:27)
	at org.junit.runners.ParentRunner.runLeaf(ParentRunner.java:325)
	at org.junit.runners.BlockJUnit4ClassRunner.runChild(BlockJUnit4ClassRunner.java:78)
	at org.junit.runners.BlockJUnit4ClassRunner.runChild(BlockJUnit4ClassRunner.java:57)
	at org.junit.runners.ParentRunner$3.run(ParentRunner.java:290)
	at org.junit.runners.ParentRunner$1.schedule(ParentRunner.java:71)
	at org.junit.runners.ParentRunner.runChildren(ParentRunner.java:288)
	at org.junit.runners.ParentRunner.access$000(ParentRunner.java:58)
	at org.junit.runners.ParentRunner$2.evaluate(ParentRunner.java:268)
	at org.junit.runners.ParentRunner.run(ParentRunner.java:363)
	at org.apache.maven.surefire.junit4.JUnit4TestSet.execute(JUnit4TestSet.java:53)
	at org.apache.maven.surefire.junit4.JUnit4Provider.executeTestSet(JUnit4Provider.java:123)
	at org.apache.maven.surefire.junit4.JUnit4Provider.invoke(JUnit4Provider.java:104)
	at sun.reflect.NativeMethodAccessorImpl.invoke0(Native Method)
	at sun.reflect.NativeMethodAccessorImpl.invoke(NativeMethodAccessorImpl.java:62)
	at sun.reflect.DelegatingMethodAccessorImpl.invoke(DelegatingMethodAccessorImpl.java:43)
	at java.lang.reflect.Method.invoke(Method.java:483)
	at org.apache.maven.surefire.util.ReflectionUtils.invokeMethodWithArray(ReflectionUtils.java:164)
	at org.apache.maven.surefire.booter.ProviderFactory$ProviderProxy.invoke(ProviderFactory.java:110)
	at org.apache.maven.surefire.booter.SurefireStarter.invokeProvider(SurefireStarter.java:175)
	at org.apache.maven.surefire.booter.SurefireStarter.runSuitesInProcessWhenForked(SurefireStarter.java:107)
	at org.apache.maven.surefire.booter.ForkedBooter.main(ForkedBooter.java:68)
</failure>
    <system-err>Jul 23, 2015 2:19:36 PM org.glassfish.jersey.test.inmemory.InMemoryTestContainerFactory$InMemoryTestContainer &lt;init&gt;
INFO: Creating InMemoryTestContainer configured at the base URI http://localhost:9998/
Jul 23, 2015 2:19:36 PM org.glassfish.jersey.internal.Errors logErrors
WARNING: The following warnings have been detected: WARNING: The (sub)resource method add in org.lgb.web.FileResource contains empty path annotation.
WARNING: The (sub)resource method addUser in org.lgb.web.UserResource contains empty path annotation.
WARNING: The (sub)resource method addSnapshot in org.lgb.web.SnapshotResource contains empty path annotation.

Jul 23, 2015 2:19:36 PM org.glassfish.jersey.filter.LoggingFilter log
INFO: 1 * Server has received a request on thread main
1 &gt; POST http://localhost:9998/file/726b505e-0fd4-42ad-a81e-95569222cd49/upload
1 &gt; Accept: application/json
1 &gt; Content-Length: 200
1 &gt; Content-Type: multipart/form-data;boundary=Boundary_2_1200689594_1437686376552
1 &gt; User-Agent: Jersey/2.19 (Jersey InMemory Connector)

Jul 23, 2015 2:19:36 PM org.glassfish.jersey.filter.LoggingFilter log
INFO: 1 * Server responded with a response on thread main
1 &lt; 404

</system-err>
  </testcase>
  <testcase classname="org.lgb.web.SnapshotResourceTest" name="test2_AddSnapshot" time="0.102"/>
  <testcase classname="org.lgb.web.SnapshotResourceTest" name="test3_AddFileToSnapshot" time="0.072"/>
</testsuite>